<?xml version="1.0" encoding="UTF-8"?>
<testsuite xmlns:xsi="http://www.w3.org/2001/XMLSchema-instance" xsi:noNamespaceSchemaLocation="https://maven.apache.org/surefire/maven-surefire-plugin/xsd/surefire-test-report.xsd" name="com.multiplication.challenge.ChallengeEventPublisherTest" time="0.149" tests="2" errors="0" skipped="0" failures="0">
  <properties>
    <property name="java.specification.version" value="13"/>
    <property name="sun.jnu.encoding" value="UTF-8"/>
    <property name="java.class.path" value="/home/guest/Documents/micro/multiplication/target/test-classes:/home/guest/Documents/micro/multiplication/target/classes:/root/.m2/repository/org/springframework/boot/spring-boot-starter-web/2.6.3/spring-boot-starter-web-2.6.3.jar:/root/.m2/repository/org/springframework/boot/spring-boot-starter/2.6.3/spring-boot-starter-2.6.3.jar:/root/.m2/repository/org/springframework/boot/spring-boot/2.6.3/spring-boot-2.6.3.jar:/root/.m2/repository/org/springframework/boot/spring-boot-autoconfigure/2.6.3/spring-boot-autoconfigure-2.6.3.jar:/root/.m2/repository/org/springframework/boot/spring-boot-starter-logging/2.6.3/spring-boot-starter-logging-2.6.3.jar:/root/.m2/repository/ch/qos/logback/logback-classic/1.2.10/logback-classic-1.2.10.jar:/root/.m2/repository/ch/qos/logback/logback-core/1.2.10/logback-core-1.2.10.jar:/root/.m2/repository/org/apache/logging/log4j/log4j-to-slf4j/2.17.1/log4j-to-slf4j-2.17.1.jar:/root/.m2/repository/org/apache/logging/log4j/log4j-api/2.17.1/log4j-api-2.17.1.jar:/root/.m2/repository/org/slf4j/jul-to-slf4j/1.7.33/jul-to-slf4j-1.7.33.jar:/root/.m2/repository/jakarta/annotation/jakarta.annotation-api/1.3.5/jakarta.annotation-api-1.3.5.jar:/root/.m2/repository/org/yaml/snakeyaml/1.29/snakeyaml-1.29.jar:/root/.m2/repository/org/springframework/boot/spring-boot-starter-json/2.6.3/spring-boot-starter-json-2.6.3.jar:/root/.m2/repository/com/fasterxml/jackson/datatype/jackson-datatype-jdk8/2.13.1/jackson-datatype-jdk8-2.13.1.jar:/root/.m2/repository/com/fasterxml/jackson/datatype/jackson-datatype-jsr310/2.13.1/jackson-datatype-jsr310-2.13.1.jar:/root/.m2/repository/com/fasterxml/jackson/module/jackson-module-parameter-names/2.13.1/jackson-module-parameter-names-2.13.1.jar:/root/.m2/repository/org/springframework/boot/spring-boot-starter-tomcat/2.6.3/spring-boot-starter-tomcat-2.6.3.jar:/root/.m2/repository/org/apache/tomcat/embed/tomcat-embed-core/9.0.56/tomcat-embed-core-9.0.56.jar:/root/.m2/repository/org/apache/tomcat/embed/tomcat-embed-websocket/9.0.56/tomcat-embed-websocket-9.0.56.jar:/root/.m2/repository/org/springframework/spring-web/5.3.15/spring-web-5.3.15.jar:/root/.m2/repository/org/springframework/spring-beans/5.3.15/spring-beans-5.3.15.jar:/root/.m2/repository/org/springframework/spring-webmvc/5.3.15/spring-webmvc-5.3.15.jar:/root/.m2/repository/org/springframework/spring-aop/5.3.15/spring-aop-5.3.15.jar:/root/.m2/repository/org/springframework/spring-context/5.3.15/spring-context-5.3.15.jar:/root/.m2/repository/org/springframework/spring-expression/5.3.15/spring-expression-5.3.15.jar:/root/.m2/repository/org/springframework/boot/spring-boot-starter-validation/2.6.3/spring-boot-starter-validation-2.6.3.jar:/root/.m2/repository/org/apache/tomcat/embed/tomcat-embed-el/9.0.56/tomcat-embed-el-9.0.56.jar:/root/.m2/repository/org/hibernate/validator/hibernate-validator/6.2.0.Final/hibernate-validator-6.2.0.Final.jar:/root/.m2/repository/jakarta/validation/jakarta.validation-api/2.0.2/jakarta.validation-api-2.0.2.jar:/root/.m2/repository/org/jboss/logging/jboss-logging/3.4.3.Final/jboss-logging-3.4.3.Final.jar:/root/.m2/repository/com/fasterxml/classmate/1.5.1/classmate-1.5.1.jar:/root/.m2/repository/org/projectlombok/lombok/1.18.22/lombok-1.18.22.jar:/root/.m2/repository/org/springframework/boot/spring-boot-starter-data-jpa/2.6.3/spring-boot-starter-data-jpa-2.6.3.jar:/root/.m2/repository/org/springframework/boot/spring-boot-starter-aop/2.6.3/spring-boot-starter-aop-2.6.3.jar:/root/.m2/repository/org/aspectj/aspectjweaver/1.9.7/aspectjweaver-1.9.7.jar:/root/.m2/repository/org/springframework/boot/spring-boot-starter-jdbc/2.6.3/spring-boot-starter-jdbc-2.6.3.jar:/root/.m2/repository/com/zaxxer/HikariCP/4.0.3/HikariCP-4.0.3.jar:/root/.m2/repository/org/springframework/spring-jdbc/5.3.15/spring-jdbc-5.3.15.jar:/root/.m2/repository/jakarta/transaction/jakarta.transaction-api/1.3.3/jakarta.transaction-api-1.3.3.jar:/root/.m2/repository/jakarta/persistence/jakarta.persistence-api/2.2.3/jakarta.persistence-api-2.2.3.jar:/root/.m2/repository/org/hibernate/hibernate-core/5.6.4.Final/hibernate-core-5.6.4.Final.jar:/root/.m2/repository/net/bytebuddy/byte-buddy/1.11.22/byte-buddy-1.11.22.jar:/root/.m2/repository/antlr/antlr/2.7.7/antlr-2.7.7.jar:/root/.m2/repository/org/jboss/jandex/2.4.2.Final/jandex-2.4.2.Final.jar:/root/.m2/repository/org/hibernate/common/hibernate-commons-annotations/5.1.2.Final/hibernate-commons-annotations-5.1.2.Final.jar:/root/.m2/repository/org/glassfish/jaxb/jaxb-runtime/2.3.5/jaxb-runtime-2.3.5.jar:/root/.m2/repository/org/glassfish/jaxb/txw2/2.3.5/txw2-2.3.5.jar:/root/.m2/repository/com/sun/istack/istack-commons-runtime/3.0.12/istack-commons-runtime-3.0.12.jar:/root/.m2/repository/com/sun/activation/jakarta.activation/1.2.2/jakarta.activation-1.2.2.jar:/root/.m2/repository/org/springframework/data/spring-data-jpa/2.6.1/spring-data-jpa-2.6.1.jar:/root/.m2/repository/org/springframework/data/spring-data-commons/2.6.1/spring-data-commons-2.6.1.jar:/root/.m2/repository/org/springframework/spring-orm/5.3.15/spring-orm-5.3.15.jar:/root/.m2/repository/org/springframework/spring-tx/5.3.15/spring-tx-5.3.15.jar:/root/.m2/repository/org/slf4j/slf4j-api/1.7.33/slf4j-api-1.7.33.jar:/root/.m2/repository/org/springframework/spring-aspects/5.3.15/spring-aspects-5.3.15.jar:/root/.m2/repository/org/springframework/boot/spring-boot-starter-amqp/2.6.3/spring-boot-starter-amqp-2.6.3.jar:/root/.m2/repository/org/springframework/spring-messaging/5.3.15/spring-messaging-5.3.15.jar:/root/.m2/repository/org/springframework/amqp/spring-rabbit/2.4.2/spring-rabbit-2.4.2.jar:/root/.m2/repository/org/springframework/amqp/spring-amqp/2.4.2/spring-amqp-2.4.2.jar:/root/.m2/repository/org/springframework/retry/spring-retry/1.3.1/spring-retry-1.3.1.jar:/root/.m2/repository/javax/annotation/javax.annotation-api/1.3.2/javax.annotation-api-1.3.2.jar:/root/.m2/repository/com/rabbitmq/amqp-client/5.13.1/amqp-client-5.13.1.jar:/root/.m2/repository/mysql/mysql-connector-java/8.0.28/mysql-connector-java-8.0.28.jar:/root/.m2/repository/com/fasterxml/jackson/datatype/jackson-datatype-hibernate5/2.13.1/jackson-datatype-hibernate5-2.13.1.jar:/root/.m2/repository/javax/transaction/javax.transaction-api/1.3/javax.transaction-api-1.3.jar:/root/.m2/repository/com/fasterxml/jackson/core/jackson-core/2.13.1/jackson-core-2.13.1.jar:/root/.m2/repository/com/fasterxml/jackson/core/jackson-databind/2.13.1/jackson-databind-2.13.1.jar:/root/.m2/repository/com/fasterxml/jackson/core/jackson-annotations/2.13.1/jackson-annotations-2.13.1.jar:/root/.m2/repository/org/springframework/boot/spring-boot-starter-actuator/2.6.3/spring-boot-starter-actuator-2.6.3.jar:/root/.m2/repository/org/springframework/boot/spring-boot-actuator-autoconfigure/2.6.3/spring-boot-actuator-autoconfigure-2.6.3.jar:/root/.m2/repository/org/springframework/boot/spring-boot-actuator/2.6.3/spring-boot-actuator-2.6.3.jar:/root/.m2/repository/io/micrometer/micrometer-core/1.8.2/micrometer-core-1.8.2.jar:/root/.m2/repository/org/hdrhistogram/HdrHistogram/2.1.12/HdrHistogram-2.1.12.jar:/root/.m2/repository/org/latencyutils/LatencyUtils/2.0.3/LatencyUtils-2.0.3.jar:/root/.m2/repository/org/springframework/cloud/spring-cloud-starter-consul-config/3.1.0/spring-cloud-starter-consul-config-3.1.0.jar:/root/.m2/repository/org/springframework/cloud/spring-cloud-starter-consul/3.1.0/spring-cloud-starter-consul-3.1.0.jar:/root/.m2/repository/org/springframework/cloud/spring-cloud-consul-core/3.1.0/spring-cloud-consul-core-3.1.0.jar:/root/.m2/repository/com/ecwid/consul/consul-api/1.4.5/consul-api-1.4.5.jar:/root/.m2/repository/com/google/code/gson/gson/2.8.9/gson-2.8.9.jar:/root/.m2/repository/org/apache/httpcomponents/httpclient/4.5.13/httpclient-4.5.13.jar:/root/.m2/repository/commons-codec/commons-codec/1.15/commons-codec-1.15.jar:/root/.m2/repository/org/apache/httpcomponents/httpcore/4.4.15/httpcore-4.4.15.jar:/root/.m2/repository/org/springframework/cloud/spring-cloud-consul-config/3.1.0/spring-cloud-consul-config-3.1.0.jar:/root/.m2/repository/org/springframework/cloud/spring-cloud-commons/3.1.0/spring-cloud-commons-3.1.0.jar:/root/.m2/repository/org/springframework/security/spring-security-crypto/5.6.1/spring-security-crypto-5.6.1.jar:/root/.m2/repository/org/springframework/cloud/spring-cloud-starter-consul-discovery/3.1.0/spring-cloud-starter-consul-discovery-3.1.0.jar:/root/.m2/repository/org/springframework/cloud/spring-cloud-consul-discovery/3.1.0/spring-cloud-consul-discovery-3.1.0.jar:/root/.m2/repository/org/springframework/cloud/spring-cloud-starter-loadbalancer/3.1.0/spring-cloud-starter-loadbalancer-3.1.0.jar:/root/.m2/repository/org/springframework/cloud/spring-cloud-loadbalancer/3.1.0/spring-cloud-loadbalancer-3.1.0.jar:/root/.m2/repository/io/projectreactor/reactor-core/3.4.14/reactor-core-3.4.14.jar:/root/.m2/repository/org/reactivestreams/reactive-streams/1.0.3/reactive-streams-1.0.3.jar:/root/.m2/repository/io/projectreactor/addons/reactor-extra/3.4.6/reactor-extra-3.4.6.jar:/root/.m2/repository/org/springframework/boot/spring-boot-starter-cache/2.6.3/spring-boot-starter-cache-2.6.3.jar:/root/.m2/repository/org/springframework/spring-context-support/5.3.15/spring-context-support-5.3.15.jar:/root/.m2/repository/com/stoyanr/evictor/1.0.0/evictor-1.0.0.jar:/root/.m2/repository/org/springframework/cloud/spring-cloud-starter-bootstrap/3.1.0/spring-cloud-starter-bootstrap-3.1.0.jar:/root/.m2/repository/org/springframework/cloud/spring-cloud-starter/3.1.0/spring-cloud-starter-3.1.0.jar:/root/.m2/repository/org/springframework/cloud/spring-cloud-context/3.1.0/spring-cloud-context-3.1.0.jar:/root/.m2/repository/org/springframework/security/spring-security-rsa/1.0.10.RELEASE/spring-security-rsa-1.0.10.RELEASE.jar:/root/.m2/repository/org/bouncycastle/bcpkix-jdk15on/1.68/bcpkix-jdk15on-1.68.jar:/root/.m2/repository/org/bouncycastle/bcprov-jdk15on/1.68/bcprov-jdk15on-1.68.jar:/root/.m2/repository/org/springframework/boot/spring-boot-starter-test/2.6.3/spring-boot-starter-test-2.6.3.jar:/root/.m2/repository/org/springframework/boot/spring-boot-test/2.6.3/spring-boot-test-2.6.3.jar:/root/.m2/repository/org/springframework/boot/spring-boot-test-autoconfigure/2.6.3/spring-boot-test-autoconfigure-2.6.3.jar:/root/.m2/repository/com/jayway/jsonpath/json-path/2.6.0/json-path-2.6.0.jar:/root/.m2/repository/net/minidev/json-smart/2.4.7/json-smart-2.4.7.jar:/root/.m2/repository/net/minidev/accessors-smart/2.4.7/accessors-smart-2.4.7.jar:/root/.m2/repository/org/ow2/asm/asm/9.1/asm-9.1.jar:/root/.m2/repository/jakarta/xml/bind/jakarta.xml.bind-api/2.3.3/jakarta.xml.bind-api-2.3.3.jar:/root/.m2/repository/jakarta/activation/jakarta.activation-api/1.2.2/jakarta.activation-api-1.2.2.jar:/root/.m2/repository/org/assertj/assertj-core/3.21.0/assertj-core-3.21.0.jar:/root/.m2/repository/org/hamcrest/hamcrest/2.2/hamcrest-2.2.jar:/root/.m2/repository/org/junit/jupiter/junit-jupiter/5.8.2/junit-jupiter-5.8.2.jar:/root/.m2/repository/org/junit/jupiter/junit-jupiter-api/5.8.2/junit-jupiter-api-5.8.2.jar:/root/.m2/repository/org/opentest4j/opentest4j/1.2.0/opentest4j-1.2.0.jar:/root/.m2/repository/org/junit/platform/junit-platform-commons/1.8.2/junit-platform-commons-1.8.2.jar:/root/.m2/repository/org/apiguardian/apiguardian-api/1.1.2/apiguardian-api-1.1.2.jar:/root/.m2/repository/org/junit/jupiter/junit-jupiter-params/5.8.2/junit-jupiter-params-5.8.2.jar:/root/.m2/repository/org/junit/jupiter/junit-jupiter-engine/5.8.2/junit-jupiter-engine-5.8.2.jar:/root/.m2/repository/org/junit/platform/junit-platform-engine/1.8.2/junit-platform-engine-1.8.2.jar:/root/.m2/repository/org/mockito/mockito-core/4.0.0/mockito-core-4.0.0.jar:/root/.m2/repository/net/bytebuddy/byte-buddy-agent/1.11.22/byte-buddy-agent-1.11.22.jar:/root/.m2/repository/org/objenesis/objenesis/3.2/objenesis-3.2.jar:/root/.m2/repository/org/mockito/mockito-junit-jupiter/4.0.0/mockito-junit-jupiter-4.0.0.jar:/root/.m2/repository/org/skyscreamer/jsonassert/1.5.0/jsonassert-1.5.0.jar:/root/.m2/repository/com/vaadin/external/google/android-json/0.0.20131108.vaadin1/android-json-0.0.20131108.vaadin1.jar:/root/.m2/repository/org/springframework/spring-core/5.3.15/spring-core-5.3.15.jar:/root/.m2/repository/org/springframework/spring-jcl/5.3.15/spring-jcl-5.3.15.jar:/root/.m2/repository/org/springframework/spring-test/5.3.15/spring-test-5.3.15.jar:/root/.m2/repository/org/xmlunit/xmlunit-core/2.8.4/xmlunit-core-2.8.4.jar:/root/.m2/repository/org/springframework/cloud/spring-cloud-starter-sleuth/3.1.0/spring-cloud-starter-sleuth-3.1.0.jar:/root/.m2/repository/org/springframework/cloud/spring-cloud-sleuth-autoconfigure/3.1.0/spring-cloud-sleuth-autoconfigure-3.1.0.jar:/root/.m2/repository/org/springframework/cloud/spring-cloud-sleuth-instrumentation/3.1.0/spring-cloud-sleuth-instrumentation-3.1.0.jar:/root/.m2/repository/org/springframework/cloud/spring-cloud-sleuth-api/3.1.0/spring-cloud-sleuth-api-3.1.0.jar:/root/.m2/repository/org/aspectj/aspectjrt/1.9.7/aspectjrt-1.9.7.jar:/root/.m2/repository/org/springframework/cloud/spring-cloud-sleuth-brave/3.1.0/spring-cloud-sleuth-brave-3.1.0.jar:/root/.m2/repository/io/zipkin/brave/brave/5.13.2/brave-5.13.2.jar:/root/.m2/repository/io/zipkin/brave/brave-context-slf4j/5.13.2/brave-context-slf4j-5.13.2.jar:/root/.m2/repository/io/zipkin/brave/brave-instrumentation-messaging/5.13.2/brave-instrumentation-messaging-5.13.2.jar:/root/.m2/repository/io/zipkin/brave/brave-instrumentation-rpc/5.13.2/brave-instrumentation-rpc-5.13.2.jar:/root/.m2/repository/io/zipkin/brave/brave-instrumentation-spring-rabbit/5.13.2/brave-instrumentation-spring-rabbit-5.13.2.jar:/root/.m2/repository/io/zipkin/brave/brave-instrumentation-kafka-clients/5.13.2/brave-instrumentation-kafka-clients-5.13.2.jar:/root/.m2/repository/io/zipkin/brave/brave-instrumentation-kafka-streams/5.13.2/brave-instrumentation-kafka-streams-5.13.2.jar:/root/.m2/repository/io/zipkin/brave/brave-instrumentation-httpclient/5.13.2/brave-instrumentation-httpclient-5.13.2.jar:/root/.m2/repository/io/zipkin/brave/brave-instrumentation-http/5.13.2/brave-instrumentation-http-5.13.2.jar:/root/.m2/repository/io/zipkin/brave/brave-instrumentation-httpasyncclient/5.13.2/brave-instrumentation-httpasyncclient-5.13.2.jar:/root/.m2/repository/io/zipkin/brave/brave-instrumentation-jms/5.13.2/brave-instrumentation-jms-5.13.2.jar:/root/.m2/repository/io/zipkin/brave/brave-instrumentation-mongodb/5.13.2/brave-instrumentation-mongodb-5.13.2.jar:/root/.m2/repository/io/zipkin/aws/brave-propagation-aws/0.21.3/brave-propagation-aws-0.21.3.jar:/root/.m2/repository/io/zipkin/reporter2/zipkin-reporter-metrics-micrometer/2.16.1/zipkin-reporter-metrics-micrometer-2.16.1.jar:/root/.m2/repository/io/zipkin/reporter2/zipkin-reporter/2.16.1/zipkin-reporter-2.16.1.jar:/root/.m2/repository/io/zipkin/zipkin2/zipkin/2.23.0/zipkin-2.23.0.jar:"/>
    <property name="java.vm.vendor" value="Private Build"/>
    <property name="sun.arch.data.model" value="64"/>
    <property name="java.vendor.url" value="Unknown"/>
    <property name="os.name" value="Linux"/>
    <property name="java.vm.specification.version" value="13"/>
    <property name="sun.java.launcher" value="SUN_STANDARD"/>
    <property name="user.country" value="US"/>
    <property name="sun.boot.library.path" value="/usr/lib/jvm/java-13-openjdk-amd64/lib"/>
    <property name="sun.java.command" value="/home/guest/Documents/micro/multiplication/target/surefire/surefirebooter142256460534663001.jar /home/guest/Documents/micro/multiplication/target/surefire 2022-02-15T17-56-35_277-jvmRun1 surefire606611345806148397tmp surefire_06291814622727539391tmp"/>
    <property name="jdk.debug" value="release"/>
    <property name="surefire.test.class.path" value="/home/guest/Documents/micro/multiplication/target/test-classes:/home/guest/Documents/micro/multiplication/target/classes:/root/.m2/repository/org/springframework/boot/spring-boot-starter-web/2.6.3/spring-boot-starter-web-2.6.3.jar:/root/.m2/repository/org/springframework/boot/spring-boot-starter/2.6.3/spring-boot-starter-2.6.3.jar:/root/.m2/repository/org/springframework/boot/spring-boot/2.6.3/spring-boot-2.6.3.jar:/root/.m2/repository/org/springframework/boot/spring-boot-autoconfigure/2.6.3/spring-boot-autoconfigure-2.6.3.jar:/root/.m2/repository/org/springframework/boot/spring-boot-starter-logging/2.6.3/spring-boot-starter-logging-2.6.3.jar:/root/.m2/repository/ch/qos/logback/logback-classic/1.2.10/logback-classic-1.2.10.jar:/root/.m2/repository/ch/qos/logback/logback-core/1.2.10/logback-core-1.2.10.jar:/root/.m2/repository/org/apache/logging/log4j/log4j-to-slf4j/2.17.1/log4j-to-slf4j-2.17.1.jar:/root/.m2/repository/org/apache/logging/log4j/log4j-api/2.17.1/log4j-api-2.17.1.jar:/root/.m2/repository/org/slf4j/jul-to-slf4j/1.7.33/jul-to-slf4j-1.7.33.jar:/root/.m2/repository/jakarta/annotation/jakarta.annotation-api/1.3.5/jakarta.annotation-api-1.3.5.jar:/root/.m2/repository/org/yaml/snakeyaml/1.29/snakeyaml-1.29.jar:/root/.m2/repository/org/springframework/boot/spring-boot-starter-json/2.6.3/spring-boot-starter-json-2.6.3.jar:/root/.m2/repository/com/fasterxml/jackson/datatype/jackson-datatype-jdk8/2.13.1/jackson-datatype-jdk8-2.13.1.jar:/root/.m2/repository/com/fasterxml/jackson/datatype/jackson-datatype-jsr310/2.13.1/jackson-datatype-jsr310-2.13.1.jar:/root/.m2/repository/com/fasterxml/jackson/module/jackson-module-parameter-names/2.13.1/jackson-module-parameter-names-2.13.1.jar:/root/.m2/repository/org/springframework/boot/spring-boot-starter-tomcat/2.6.3/spring-boot-starter-tomcat-2.6.3.jar:/root/.m2/repository/org/apache/tomcat/embed/tomcat-embed-core/9.0.56/tomcat-embed-core-9.0.56.jar:/root/.m2/repository/org/apache/tomcat/embed/tomcat-embed-websocket/9.0.56/tomcat-embed-websocket-9.0.56.jar:/root/.m2/repository/org/springframework/spring-web/5.3.15/spring-web-5.3.15.jar:/root/.m2/repository/org/springframework/spring-beans/5.3.15/spring-beans-5.3.15.jar:/root/.m2/repository/org/springframework/spring-webmvc/5.3.15/spring-webmvc-5.3.15.jar:/root/.m2/repository/org/springframework/spring-aop/5.3.15/spring-aop-5.3.15.jar:/root/.m2/repository/org/springframework/spring-context/5.3.15/spring-context-5.3.15.jar:/root/.m2/repository/org/springframework/spring-expression/5.3.15/spring-expression-5.3.15.jar:/root/.m2/repository/org/springframework/boot/spring-boot-starter-validation/2.6.3/spring-boot-starter-validation-2.6.3.jar:/root/.m2/repository/org/apache/tomcat/embed/tomcat-embed-el/9.0.56/tomcat-embed-el-9.0.56.jar:/root/.m2/repository/org/hibernate/validator/hibernate-validator/6.2.0.Final/hibernate-validator-6.2.0.Final.jar:/root/.m2/repository/jakarta/validation/jakarta.validation-api/2.0.2/jakarta.validation-api-2.0.2.jar:/root/.m2/repository/org/jboss/logging/jboss-logging/3.4.3.Final/jboss-logging-3.4.3.Final.jar:/root/.m2/repository/com/fasterxml/classmate/1.5.1/classmate-1.5.1.jar:/root/.m2/repository/org/projectlombok/lombok/1.18.22/lombok-1.18.22.jar:/root/.m2/repository/org/springframework/boot/spring-boot-starter-data-jpa/2.6.3/spring-boot-starter-data-jpa-2.6.3.jar:/root/.m2/repository/org/springframework/boot/spring-boot-starter-aop/2.6.3/spring-boot-starter-aop-2.6.3.jar:/root/.m2/repository/org/aspectj/aspectjweaver/1.9.7/aspectjweaver-1.9.7.jar:/root/.m2/repository/org/springframework/boot/spring-boot-starter-jdbc/2.6.3/spring-boot-starter-jdbc-2.6.3.jar:/root/.m2/repository/com/zaxxer/HikariCP/4.0.3/HikariCP-4.0.3.jar:/root/.m2/repository/org/springframework/spring-jdbc/5.3.15/spring-jdbc-5.3.15.jar:/root/.m2/repository/jakarta/transaction/jakarta.transaction-api/1.3.3/jakarta.transaction-api-1.3.3.jar:/root/.m2/repository/jakarta/persistence/jakarta.persistence-api/2.2.3/jakarta.persistence-api-2.2.3.jar:/root/.m2/repository/org/hibernate/hibernate-core/5.6.4.Final/hibernate-core-5.6.4.Final.jar:/root/.m2/repository/net/bytebuddy/byte-buddy/1.11.22/byte-buddy-1.11.22.jar:/root/.m2/repository/antlr/antlr/2.7.7/antlr-2.7.7.jar:/root/.m2/repository/org/jboss/jandex/2.4.2.Final/jandex-2.4.2.Final.jar:/root/.m2/repository/org/hibernate/common/hibernate-commons-annotations/5.1.2.Final/hibernate-commons-annotations-5.1.2.Final.jar:/root/.m2/repository/org/glassfish/jaxb/jaxb-runtime/2.3.5/jaxb-runtime-2.3.5.jar:/root/.m2/repository/org/glassfish/jaxb/txw2/2.3.5/txw2-2.3.5.jar:/root/.m2/repository/com/sun/istack/istack-commons-runtime/3.0.12/istack-commons-runtime-3.0.12.jar:/root/.m2/repository/com/sun/activation/jakarta.activation/1.2.2/jakarta.activation-1.2.2.jar:/root/.m2/repository/org/springframework/data/spring-data-jpa/2.6.1/spring-data-jpa-2.6.1.jar:/root/.m2/repository/org/springframework/data/spring-data-commons/2.6.1/spring-data-commons-2.6.1.jar:/root/.m2/repository/org/springframework/spring-orm/5.3.15/spring-orm-5.3.15.jar:/root/.m2/repository/org/springframework/spring-tx/5.3.15/spring-tx-5.3.15.jar:/root/.m2/repository/org/slf4j/slf4j-api/1.7.33/slf4j-api-1.7.33.jar:/root/.m2/repository/org/springframework/spring-aspects/5.3.15/spring-aspects-5.3.15.jar:/root/.m2/repository/org/springframework/boot/spring-boot-starter-amqp/2.6.3/spring-boot-starter-amqp-2.6.3.jar:/root/.m2/repository/org/springframework/spring-messaging/5.3.15/spring-messaging-5.3.15.jar:/root/.m2/repository/org/springframework/amqp/spring-rabbit/2.4.2/spring-rabbit-2.4.2.jar:/root/.m2/repository/org/springframework/amqp/spring-amqp/2.4.2/spring-amqp-2.4.2.jar:/root/.m2/repository/org/springframework/retry/spring-retry/1.3.1/spring-retry-1.3.1.jar:/root/.m2/repository/javax/annotation/javax.annotation-api/1.3.2/javax.annotation-api-1.3.2.jar:/root/.m2/repository/com/rabbitmq/amqp-client/5.13.1/amqp-client-5.13.1.jar:/root/.m2/repository/mysql/mysql-connector-java/8.0.28/mysql-connector-java-8.0.28.jar:/root/.m2/repository/com/fasterxml/jackson/datatype/jackson-datatype-hibernate5/2.13.1/jackson-datatype-hibernate5-2.13.1.jar:/root/.m2/repository/javax/transaction/javax.transaction-api/1.3/javax.transaction-api-1.3.jar:/root/.m2/repository/com/fasterxml/jackson/core/jackson-core/2.13.1/jackson-core-2.13.1.jar:/root/.m2/repository/com/fasterxml/jackson/core/jackson-databind/2.13.1/jackson-databind-2.13.1.jar:/root/.m2/repository/com/fasterxml/jackson/core/jackson-annotations/2.13.1/jackson-annotations-2.13.1.jar:/root/.m2/repository/org/springframework/boot/spring-boot-starter-actuator/2.6.3/spring-boot-starter-actuator-2.6.3.jar:/root/.m2/repository/org/springframework/boot/spring-boot-actuator-autoconfigure/2.6.3/spring-boot-actuator-autoconfigure-2.6.3.jar:/root/.m2/repository/org/springframework/boot/spring-boot-actuator/2.6.3/spring-boot-actuator-2.6.3.jar:/root/.m2/repository/io/micrometer/micrometer-core/1.8.2/micrometer-core-1.8.2.jar:/root/.m2/repository/org/hdrhistogram/HdrHistogram/2.1.12/HdrHistogram-2.1.12.jar:/root/.m2/repository/org/latencyutils/LatencyUtils/2.0.3/LatencyUtils-2.0.3.jar:/root/.m2/repository/org/springframework/cloud/spring-cloud-starter-consul-config/3.1.0/spring-cloud-starter-consul-config-3.1.0.jar:/root/.m2/repository/org/springframework/cloud/spring-cloud-starter-consul/3.1.0/spring-cloud-starter-consul-3.1.0.jar:/root/.m2/repository/org/springframework/cloud/spring-cloud-consul-core/3.1.0/spring-cloud-consul-core-3.1.0.jar:/root/.m2/repository/com/ecwid/consul/consul-api/1.4.5/consul-api-1.4.5.jar:/root/.m2/repository/com/google/code/gson/gson/2.8.9/gson-2.8.9.jar:/root/.m2/repository/org/apache/httpcomponents/httpclient/4.5.13/httpclient-4.5.13.jar:/root/.m2/repository/commons-codec/commons-codec/1.15/commons-codec-1.15.jar:/root/.m2/repository/org/apache/httpcomponents/httpcore/4.4.15/httpcore-4.4.15.jar:/root/.m2/repository/org/springframework/cloud/spring-cloud-consul-config/3.1.0/spring-cloud-consul-config-3.1.0.jar:/root/.m2/repository/org/springframework/cloud/spring-cloud-commons/3.1.0/spring-cloud-commons-3.1.0.jar:/root/.m2/repository/org/springframework/security/spring-security-crypto/5.6.1/spring-security-crypto-5.6.1.jar:/root/.m2/repository/org/springframework/cloud/spring-cloud-starter-consul-discovery/3.1.0/spring-cloud-starter-consul-discovery-3.1.0.jar:/root/.m2/repository/org/springframework/cloud/spring-cloud-consul-discovery/3.1.0/spring-cloud-consul-discovery-3.1.0.jar:/root/.m2/repository/org/springframework/cloud/spring-cloud-starter-loadbalancer/3.1.0/spring-cloud-starter-loadbalancer-3.1.0.jar:/root/.m2/repository/org/springframework/cloud/spring-cloud-loadbalancer/3.1.0/spring-cloud-loadbalancer-3.1.0.jar:/root/.m2/repository/io/projectreactor/reactor-core/3.4.14/reactor-core-3.4.14.jar:/root/.m2/repository/org/reactivestreams/reactive-streams/1.0.3/reactive-streams-1.0.3.jar:/root/.m2/repository/io/projectreactor/addons/reactor-extra/3.4.6/reactor-extra-3.4.6.jar:/root/.m2/repository/org/springframework/boot/spring-boot-starter-cache/2.6.3/spring-boot-starter-cache-2.6.3.jar:/root/.m2/repository/org/springframework/spring-context-support/5.3.15/spring-context-support-5.3.15.jar:/root/.m2/repository/com/stoyanr/evictor/1.0.0/evictor-1.0.0.jar:/root/.m2/repository/org/springframework/cloud/spring-cloud-starter-bootstrap/3.1.0/spring-cloud-starter-bootstrap-3.1.0.jar:/root/.m2/repository/org/springframework/cloud/spring-cloud-starter/3.1.0/spring-cloud-starter-3.1.0.jar:/root/.m2/repository/org/springframework/cloud/spring-cloud-context/3.1.0/spring-cloud-context-3.1.0.jar:/root/.m2/repository/org/springframework/security/spring-security-rsa/1.0.10.RELEASE/spring-security-rsa-1.0.10.RELEASE.jar:/root/.m2/repository/org/bouncycastle/bcpkix-jdk15on/1.68/bcpkix-jdk15on-1.68.jar:/root/.m2/repository/org/bouncycastle/bcprov-jdk15on/1.68/bcprov-jdk15on-1.68.jar:/root/.m2/repository/org/springframework/boot/spring-boot-starter-test/2.6.3/spring-boot-starter-test-2.6.3.jar:/root/.m2/repository/org/springframework/boot/spring-boot-test/2.6.3/spring-boot-test-2.6.3.jar:/root/.m2/repository/org/springframework/boot/spring-boot-test-autoconfigure/2.6.3/spring-boot-test-autoconfigure-2.6.3.jar:/root/.m2/repository/com/jayway/jsonpath/json-path/2.6.0/json-path-2.6.0.jar:/root/.m2/repository/net/minidev/json-smart/2.4.7/json-smart-2.4.7.jar:/root/.m2/repository/net/minidev/accessors-smart/2.4.7/accessors-smart-2.4.7.jar:/root/.m2/repository/org/ow2/asm/asm/9.1/asm-9.1.jar:/root/.m2/repository/jakarta/xml/bind/jakarta.xml.bind-api/2.3.3/jakarta.xml.bind-api-2.3.3.jar:/root/.m2/repository/jakarta/activation/jakarta.activation-api/1.2.2/jakarta.activation-api-1.2.2.jar:/root/.m2/repository/org/assertj/assertj-core/3.21.0/assertj-core-3.21.0.jar:/root/.m2/repository/org/hamcrest/hamcrest/2.2/hamcrest-2.2.jar:/root/.m2/repository/org/junit/jupiter/junit-jupiter/5.8.2/junit-jupiter-5.8.2.jar:/root/.m2/repository/org/junit/jupiter/junit-jupiter-api/5.8.2/junit-jupiter-api-5.8.2.jar:/root/.m2/repository/org/opentest4j/opentest4j/1.2.0/opentest4j-1.2.0.jar:/root/.m2/repository/org/junit/platform/junit-platform-commons/1.8.2/junit-platform-commons-1.8.2.jar:/root/.m2/repository/org/apiguardian/apiguardian-api/1.1.2/apiguardian-api-1.1.2.jar:/root/.m2/repository/org/junit/jupiter/junit-jupiter-params/5.8.2/junit-jupiter-params-5.8.2.jar:/root/.m2/repository/org/junit/jupiter/junit-jupiter-engine/5.8.2/junit-jupiter-engine-5.8.2.jar:/root/.m2/repository/org/junit/platform/junit-platform-engine/1.8.2/junit-platform-engine-1.8.2.jar:/root/.m2/repository/org/mockito/mockito-core/4.0.0/mockito-core-4.0.0.jar:/root/.m2/repository/net/bytebuddy/byte-buddy-agent/1.11.22/byte-buddy-agent-1.11.22.jar:/root/.m2/repository/org/objenesis/objenesis/3.2/objenesis-3.2.jar:/root/.m2/repository/org/mockito/mockito-junit-jupiter/4.0.0/mockito-junit-jupiter-4.0.0.jar:/root/.m2/repository/org/skyscreamer/jsonassert/1.5.0/jsonassert-1.5.0.jar:/root/.m2/repository/com/vaadin/external/google/android-json/0.0.20131108.vaadin1/android-json-0.0.20131108.vaadin1.jar:/root/.m2/repository/org/springframework/spring-core/5.3.15/spring-core-5.3.15.jar:/root/.m2/repository/org/springframework/spring-jcl/5.3.15/spring-jcl-5.3.15.jar:/root/.m2/repository/org/springframework/spring-test/5.3.15/spring-test-5.3.15.jar:/root/.m2/repository/org/xmlunit/xmlunit-core/2.8.4/xmlunit-core-2.8.4.jar:/root/.m2/repository/org/springframework/cloud/spring-cloud-starter-sleuth/3.1.0/spring-cloud-starter-sleuth-3.1.0.jar:/root/.m2/repository/org/springframework/cloud/spring-cloud-sleuth-autoconfigure/3.1.0/spring-cloud-sleuth-autoconfigure-3.1.0.jar:/root/.m2/repository/org/springframework/cloud/spring-cloud-sleuth-instrumentation/3.1.0/spring-cloud-sleuth-instrumentation-3.1.0.jar:/root/.m2/repository/org/springframework/cloud/spring-cloud-sleuth-api/3.1.0/spring-cloud-sleuth-api-3.1.0.jar:/root/.m2/repository/org/aspectj/aspectjrt/1.9.7/aspectjrt-1.9.7.jar:/root/.m2/repository/org/springframework/cloud/spring-cloud-sleuth-brave/3.1.0/spring-cloud-sleuth-brave-3.1.0.jar:/root/.m2/repository/io/zipkin/brave/brave/5.13.2/brave-5.13.2.jar:/root/.m2/repository/io/zipkin/brave/brave-context-slf4j/5.13.2/brave-context-slf4j-5.13.2.jar:/root/.m2/repository/io/zipkin/brave/brave-instrumentation-messaging/5.13.2/brave-instrumentation-messaging-5.13.2.jar:/root/.m2/repository/io/zipkin/brave/brave-instrumentation-rpc/5.13.2/brave-instrumentation-rpc-5.13.2.jar:/root/.m2/repository/io/zipkin/brave/brave-instrumentation-spring-rabbit/5.13.2/brave-instrumentation-spring-rabbit-5.13.2.jar:/root/.m2/repository/io/zipkin/brave/brave-instrumentation-kafka-clients/5.13.2/brave-instrumentation-kafka-clients-5.13.2.jar:/root/.m2/repository/io/zipkin/brave/brave-instrumentation-kafka-streams/5.13.2/brave-instrumentation-kafka-streams-5.13.2.jar:/root/.m2/repository/io/zipkin/brave/brave-instrumentation-httpclient/5.13.2/brave-instrumentation-httpclient-5.13.2.jar:/root/.m2/repository/io/zipkin/brave/brave-instrumentation-http/5.13.2/brave-instrumentation-http-5.13.2.jar:/root/.m2/repository/io/zipkin/brave/brave-instrumentation-httpasyncclient/5.13.2/brave-instrumentation-httpasyncclient-5.13.2.jar:/root/.m2/repository/io/zipkin/brave/brave-instrumentation-jms/5.13.2/brave-instrumentation-jms-5.13.2.jar:/root/.m2/repository/io/zipkin/brave/brave-instrumentation-mongodb/5.13.2/brave-instrumentation-mongodb-5.13.2.jar:/root/.m2/repository/io/zipkin/aws/brave-propagation-aws/0.21.3/brave-propagation-aws-0.21.3.jar:/root/.m2/repository/io/zipkin/reporter2/zipkin-reporter-metrics-micrometer/2.16.1/zipkin-reporter-metrics-micrometer-2.16.1.jar:/root/.m2/repository/io/zipkin/reporter2/zipkin-reporter/2.16.1/zipkin-reporter-2.16.1.jar:/root/.m2/repository/io/zipkin/zipkin2/zipkin/2.23.0/zipkin-2.23.0.jar:"/>
    <property name="sun.cpu.endian" value="little"/>
    <property name="user.home" value="/root"/>
    <property name="user.language" value="en"/>
    <property name="java.specification.vendor" value="Oracle Corporation"/>
    <property name="java.version.date" value="2021-04-20"/>
    <property name="java.home" value="/usr/lib/jvm/java-13-openjdk-amd64"/>
    <property name="file.separator" value="/"/>
    <property name="basedir" value="/home/guest/Documents/micro/multiplication"/>
    <property name="java.vm.compressedOopsMode" value="Zero based"/>
    <property name="line.separator" value="&#10;"/>
    <property name="java.vm.specification.vendor" value="Oracle Corporation"/>
    <property name="java.specification.name" value="Java Platform API Specification"/>
    <property name="surefire.real.class.path" value="/home/guest/Documents/micro/multiplication/target/surefire/surefirebooter142256460534663001.jar"/>
    <property name="sun.management.compiler" value="HotSpot 64-Bit Tiered Compilers"/>
    <property name="java.runtime.version" value="13.0.7+5-Ubuntu-0ubuntu120.04"/>
    <property name="user.name" value="root"/>
    <property name="path.separator" value=":"/>
    <property name="os.version" value="5.13.0-30-generic"/>
    <property name="java.runtime.name" value="OpenJDK Runtime Environment"/>
    <property name="file.encoding" value="UTF-8"/>
    <property name="java.vm.name" value="OpenJDK 64-Bit Server VM"/>
    <property name="localRepository" value="/root/.m2/repository"/>
    <property name="java.vendor.url.bug" value="Unknown"/>
    <property name="java.io.tmpdir" value="/tmp"/>
    <property name="java.version" value="13.0.7"/>
    <property name="user.dir" value="/home/guest/Documents/micro/multiplication"/>
    <property name="os.arch" value="amd64"/>
    <property name="java.vm.specification.name" value="Java Virtual Machine Specification"/>
    <property name="java.library.path" value="/usr/java/packages/lib:/usr/lib/x86_64-linux-gnu/jni:/lib/x86_64-linux-gnu:/usr/lib/x86_64-linux-gnu:/usr/lib/jni:/lib:/usr/lib"/>
    <property name="java.vm.info" value="mixed mode"/>
    <property name="java.vendor" value="Private Build"/>
    <property name="java.vm.version" value="13.0.7+5-Ubuntu-0ubuntu120.04"/>
    <property name="sun.io.unicode.encoding" value="UnicodeLittle"/>
    <property name="java.class.version" value="57.0"/>
  </properties>
  <testcase name="sendsAttempt{boolean}[1]" classname="com.multiplication.challenge.ChallengeEventPublisherTest" time="0.146"/>
  <testcase name="sendsAttempt{boolean}[2]" classname="com.multiplication.challenge.ChallengeEventPublisherTest" time="0.002"/>
</testsuite>